#
# There is insufficient memory for the Java Runtime Environment to continue.
# Native memory allocation (mmap) failed to map 84934656 bytes for G1 virtual space
# Possible reasons:
#   The system is out of physical RAM or swap space
#   The process is running with CompressedOops enabled, and the Java Heap may be blocking the growth of the native heap
# Possible solutions:
#   Reduce memory load on the system
#   Increase physical memory or swap space
#   Check if swap backing store is full
#   Decrease Java heap size (-Xmx/-Xms)
#   Decrease number of Java threads
#   Decrease Java thread stack sizes (-Xss)
#   Set larger code cache with -XX:ReservedCodeCacheSize=
#   JVM is running with Unscaled Compressed Oops mode in which the Java heap is
#     placed in the first 4GB address space. The Java Heap base address is the
#     maximum limit for the native heap growth. Please use -XX:HeapBaseMinAddress
#     to set the Java Heap base and to place the Java Heap above 4GB virtual address.
# This output file may be truncated or incomplete.
#
#  Out of Memory Error (os_windows.cpp:3771), pid=14152, tid=804
#
# JRE version: OpenJDK Runtime Environment (17.0.7) (build 17.0.7+0-b2043.56-10550314)
# Java VM: OpenJDK 64-Bit Server VM (17.0.7+0-b2043.56-10550314, mixed mode, tiered, compressed oops, compressed class ptrs, g1 gc, windows-amd64)
# No core dump will be written. Minidumps are not enabled by default on client versions of Windows
#

---------------  S U M M A R Y ------------

Command Line: org.jetbrains.kotlin.cli.jvm.K2JVMCompiler @D:\college\coding\android\NafisCoachingCenter\app\build\20240107_4355884860490317018.compiler.options

Host: AMD Ryzen 5 5625U with Radeon Graphics         , 12 cores, 7G,  Windows 11 , 64 bit Build 22621 (10.0.22621.2506)
Time: Sun Jan  7 19:31:19 2024 India Standard Time elapsed time: 5.881660 seconds (0d 0h 0m 5s)

---------------  T H R E A D  ---------------

Current thread (0x000001c7a7892460):  VMThread "VM Thread" [stack: 0x00000091da000000,0x00000091da100000] [id=804]

Stack: [0x00000091da000000,0x00000091da100000]
Native frames: (J=compiled Java code, j=interpreted, Vv=VM code, C=native code)
V  [jvm.dll+0x683bfa]
V  [jvm.dll+0x8430a4]
V  [jvm.dll+0x8449be]
V  [jvm.dll+0x845023]
V  [jvm.dll+0x24ad2f]
V  [jvm.dll+0x680ac9]
V  [jvm.dll+0x67519a]
V  [jvm.dll+0x30b3cb]
V  [jvm.dll+0x312876]
V  [jvm.dll+0x36221e]
V  [jvm.dll+0x36244f]
V  [jvm.dll+0x2e14a8]
V  [jvm.dll+0x2df684]
V  [jvm.dll+0x2dec8c]
V  [jvm.dll+0x32382b]
V  [jvm.dll+0x8496eb]
V  [jvm.dll+0x84a424]
V  [jvm.dll+0x84a93d]
V  [jvm.dll+0x84ad14]
V  [jvm.dll+0x84ade0]
V  [jvm.dll+0x7f2aea]
V  [jvm.dll+0x682a35]
C  [ucrtbase.dll+0x29363]
C  [KERNEL32.DLL+0x1257d]
C  [ntdll.dll+0x5aa58]

VM_Operation (0x00000091d9afcef0): G1CollectForAllocation, mode: safepoint, requested by thread 0x000001c78dc22880


---------------  P R O C E S S  ---------------

Threads class SMR info:
_java_thread_list=0x000001c7acec7f70, length=13, elements={
0x000001c78dc22880, 0x000001c7a78ce260, 0x000001c7a7896f40, 0x000001c7a78baa30,
0x000001c7a78bb5b0, 0x000001c7a7a1f400, 0x000001c7a7a1fcc0, 0x000001c7a7a20a50,
0x000001c7a7a22410, 0x000001c7a7a254d0, 0x000001c7a7b99d90, 0x000001c7a7ba0280,
0x000001c7ad3f5f10
}

Java Threads: ( => current thread )
  0x000001c78dc22880 JavaThread "main" [_thread_blocked, id=5268, stack(0x00000091d9a00000,0x00000091d9b00000)]
  0x000001c7a78ce260 JavaThread "Reference Handler" daemon [_thread_blocked, id=17240, stack(0x00000091da100000,0x00000091da200000)]
  0x000001c7a7896f40 JavaThread "Finalizer" daemon [_thread_blocked, id=1544, stack(0x00000091da200000,0x00000091da300000)]
  0x000001c7a78baa30 JavaThread "Signal Dispatcher" daemon [_thread_blocked, id=18304, stack(0x00000091da300000,0x00000091da400000)]
  0x000001c7a78bb5b0 JavaThread "Attach Listener" daemon [_thread_blocked, id=11796, stack(0x00000091da400000,0x00000091da500000)]
  0x000001c7a7a1f400 JavaThread "Service Thread" daemon [_thread_blocked, id=19188, stack(0x00000091da500000,0x00000091da600000)]
  0x000001c7a7a1fcc0 JavaThread "Monitor Deflation Thread" daemon [_thread_blocked, id=10680, stack(0x00000091da600000,0x00000091da700000)]
  0x000001c7a7a20a50 JavaThread "C2 CompilerThread0" daemon [_thread_blocked, id=4512, stack(0x00000091da700000,0x00000091da800000)]
  0x000001c7a7a22410 JavaThread "C1 CompilerThread0" daemon [_thread_blocked, id=13444, stack(0x00000091da800000,0x00000091da900000)]
  0x000001c7a7a254d0 JavaThread "Sweeper thread" daemon [_thread_blocked, id=18716, stack(0x00000091da900000,0x00000091daa00000)]
  0x000001c7a7b99d90 JavaThread "Notification Thread" daemon [_thread_blocked, id=5024, stack(0x00000091daa00000,0x00000091dab00000)]
  0x000001c7a7ba0280 JavaThread "Common-Cleaner" daemon [_thread_blocked, id=10936, stack(0x00000091dac00000,0x00000091dad00000)]
  0x000001c7ad3f5f10 JavaThread "C2 CompilerThread1" daemon [_thread_blocked, id=12368, stack(0x00000091db100000,0x00000091db200000)]

Other Threads:
=>0x000001c7a7892460 VMThread "VM Thread" [stack: 0x00000091da000000,0x00000091da100000] [id=804]
  0x000001c78dc902e0 WatcherThread [stack: 0x00000091dab00000,0x00000091dac00000] [id=2224]
  0x000001c78dc78700 GCTaskThread "GC Thread#0" [stack: 0x00000091d9b00000,0x00000091d9c00000] [id=15572]
  0x000001c7ac371420 GCTaskThread "GC Thread#1" [stack: 0x00000091dad00000,0x00000091dae00000] [id=8992]
  0x000001c7ac3946c0 GCTaskThread "GC Thread#2" [stack: 0x00000091dae00000,0x00000091daf00000] [id=19412]
  0x000001c7ac394970 GCTaskThread "GC Thread#3" [stack: 0x00000091daf00000,0x00000091db000000] [id=3480]
  0x000001c7ac394c20 GCTaskThread "GC Thread#4" [stack: 0x00000091db000000,0x00000091db100000] [id=14536]
  0x000001c7ac95e140 GCTaskThread "GC Thread#5" [stack: 0x00000091db300000,0x00000091db400000] [id=11588]
  0x000001c7ac95d930 GCTaskThread "GC Thread#6" [stack: 0x00000091db400000,0x00000091db500000] [id=7208]
  0x000001c7ac95c910 GCTaskThread "GC Thread#7" [stack: 0x00000091db500000,0x00000091db600000] [id=20016]
  0x000001c7ac95d3d0 GCTaskThread "GC Thread#8" [stack: 0x00000091db600000,0x00000091db700000] [id=19084]
  0x000001c7ac95dbe0 GCTaskThread "GC Thread#9" [stack: 0x00000091db200000,0x00000091db300000] [id=14412]
  0x000001c78dc88180 ConcurrentGCThread "G1 Main Marker" [stack: 0x00000091d9c00000,0x00000091d9d00000] [id=14824]
  0x000001c78dc89330 ConcurrentGCThread "G1 Conc#0" [stack: 0x00000091d9d00000,0x00000091d9e00000] [id=16188]
  0x000001c7ac95cbc0 ConcurrentGCThread "G1 Conc#1" [stack: 0x00000091db700000,0x00000091db800000] [id=19696]
  0x000001c7ac95d680 ConcurrentGCThread "G1 Conc#2" [stack: 0x00000091db800000,0x00000091db900000] [id=18056]
  0x000001c78dcd6be0 ConcurrentGCThread "G1 Refine#0" [stack: 0x00000091d9e00000,0x00000091d9f00000] [id=7100]
  0x000001c78dcd7600 ConcurrentGCThread "G1 Service" [stack: 0x00000091d9f00000,0x00000091da000000] [id=4004]

Threads with active compile tasks:
C2 CompilerThread0     5894 7913       4       java.util.ArrayList::contains (14 bytes)
C1 CompilerThread0     5894 7919       3       java.util.ArrayList$SubList$1::checkForComodification (26 bytes)
C2 CompilerThread1     5894 7914       4       java.util.Collections$UnmodifiableMap::get (11 bytes)

VM state: at safepoint (normal execution)

VM Mutex/Monitor currently owned by a thread:  ([mutex/lock_event])
[0x000001c78dc12b00] Threads_lock - owner thread: 0x000001c7a7892460
[0x000001c78dc20e30] Heap_lock - owner thread: 0x000001c78dc22880

Heap address: 0x000000008a600000, size: 1882 MB, Compressed Oops mode: 32-bit

CDS archive(s) not mapped
Compressed class space mapped at: 0x0000000100000000-0x0000000140000000, reserved size: 1073741824
Narrow klass base: 0x0000000000000000, Narrow klass shift: 3, Narrow klass range: 0x140000000

GC Precious Log:
 CPUs: 12 total, 12 available
 Memory: 7520M
 Large Page Support: Disabled
 NUMA Support: Disabled
 Compressed Oops: Enabled (32-bit)
 Heap Region Size: 1M
 Heap Min Capacity: 8M
 Heap Initial Capacity: 118M
 Heap Max Capacity: 1882M
 Pre-touch: Disabled
 Parallel Workers: 10
 Concurrent Workers: 3
 Concurrent Refinement Workers: 10
 Periodic GC: Disabled

Heap:
 garbage-first heap   total 120832K, used 52491K [0x000000008a600000, 0x0000000100000000)
  region size 1024K, 5 young (5120K), 5 survivors (5120K)
 Metaspace       used 74776K, committed 75072K, reserved 1179648K
  class space    used 8826K, committed 8960K, reserved 1048576K

Heap Regions: E=young(eden), S=young(survivor), O=old, HS=humongous(starts), HC=humongous(continues), CS=collection set, F=free, OA=open archive, CA=closed archive, TAMS=top-at-mark-start (previous, next)
|   0|0x000000008a600000, 0x000000008a700000, 0x000000008a700000|100%|HS|  |TAMS 0x000000008a700000, 0x000000008a600000| Complete 
|   1|0x000000008a700000, 0x000000008a800000, 0x000000008a800000|100%|HC|  |TAMS 0x000000008a800000, 0x000000008a700000| Complete 
|   2|0x000000008a800000, 0x000000008a900000, 0x000000008a900000|100%|HC|  |TAMS 0x000000008a900000, 0x000000008a800000| Complete 
|   3|0x000000008a900000, 0x000000008aa00000, 0x000000008aa00000|100%|HC|  |TAMS 0x000000008aa00000, 0x000000008a900000| Complete 
|   4|0x000000008aa00000, 0x000000008ab00000, 0x000000008ab00000|100%| O|  |TAMS 0x000000008ab00000, 0x000000008aa00000| Untracked 
|   5|0x000000008ab00000, 0x000000008ac00000, 0x000000008ac00000|100%| O|  |TAMS 0x000000008ac00000, 0x000000008ab00000| Untracked 
|   6|0x000000008ac00000, 0x000000008ad00000, 0x000000008ad00000|100%| O|  |TAMS 0x000000008ad00000, 0x000000008ac00000| Untracked 
|   7|0x000000008ad00000, 0x000000008ae00000, 0x000000008ae00000|100%| O|  |TAMS 0x000000008ae00000, 0x000000008ad00000| Untracked 
|   8|0x000000008ae00000, 0x000000008af00000, 0x000000008af00000|100%| O|  |TAMS 0x000000008af00000, 0x000000008ae00000| Untracked 
|   9|0x000000008af00000, 0x000000008b000000, 0x000000008b000000|100%| O|  |TAMS 0x000000008af00000, 0x000000008af00000| Untracked 
|  10|0x000000008b000000, 0x000000008b100000, 0x000000008b100000|100%| O|  |TAMS 0x000000008b100000, 0x000000008b000000| Untracked 
|  11|0x000000008b100000, 0x000000008b200000, 0x000000008b200000|100%| O|  |TAMS 0x000000008b200000, 0x000000008b100000| Untracked 
|  12|0x000000008b200000, 0x000000008b300000, 0x000000008b300000|100%| O|  |TAMS 0x000000008b300000, 0x000000008b200000| Untracked 
|  13|0x000000008b300000, 0x000000008b400000, 0x000000008b400000|100%| O|  |TAMS 0x000000008b400000, 0x000000008b300000| Untracked 
|  14|0x000000008b400000, 0x000000008b500000, 0x000000008b500000|100%| O|  |TAMS 0x000000008b500000, 0x000000008b400000| Untracked 
|  15|0x000000008b500000, 0x000000008b600000, 0x000000008b600000|100%| O|  |TAMS 0x000000008b600000, 0x000000008b500000| Untracked 
|  16|0x000000008b600000, 0x000000008b700000, 0x000000008b700000|100%| O|  |TAMS 0x000000008b700000, 0x000000008b600000| Untracked 
|  17|0x000000008b700000, 0x000000008b800000, 0x000000008b800000|100%|HS|  |TAMS 0x000000008b800000, 0x000000008b700000| Complete 
|  18|0x000000008b800000, 0x000000008b900000, 0x000000008b900000|100%|HC|  |TAMS 0x000000008b900000, 0x000000008b800000| Complete 
|  19|0x000000008b900000, 0x000000008ba00000, 0x000000008ba00000|100%| O|  |TAMS 0x000000008ba00000, 0x000000008b900000| Untracked 
|  20|0x000000008ba00000, 0x000000008bb00000, 0x000000008bb00000|100%| O|  |TAMS 0x000000008bb00000, 0x000000008ba00000| Untracked 
|  21|0x000000008bb00000, 0x000000008bc00000, 0x000000008bc00000|100%| O|  |TAMS 0x000000008bc00000, 0x000000008bb00000| Untracked 
|  22|0x000000008bc00000, 0x000000008bd00000, 0x000000008bd00000|100%| O|  |TAMS 0x000000008bd00000, 0x000000008bc00000| Untracked 
|  23|0x000000008bd00000, 0x000000008be00000, 0x000000008be00000|100%| O|  |TAMS 0x000000008be00000, 0x000000008bd00000| Untracked 
|  24|0x000000008be00000, 0x000000008bf00000, 0x000000008bf00000|100%| O|  |TAMS 0x000000008bf00000, 0x000000008be00000| Untracked 
|  25|0x000000008bf00000, 0x000000008c000000, 0x000000008c000000|100%| O|  |TAMS 0x000000008c000000, 0x000000008bf00000| Untracked 
|  26|0x000000008c000000, 0x000000008c100000, 0x000000008c100000|100%| O|  |TAMS 0x000000008c100000, 0x000000008c000000| Untracked 
|  27|0x000000008c100000, 0x000000008c200000, 0x000000008c200000|100%| O|  |TAMS 0x000000008c200000, 0x000000008c100000| Untracked 
|  28|0x000000008c200000, 0x000000008c300000, 0x000000008c300000|100%| O|  |TAMS 0x000000008c300000, 0x000000008c200000| Untracked 
|  29|0x000000008c300000, 0x000000008c400000, 0x000000008c400000|100%| O|  |TAMS 0x000000008c400000, 0x000000008c300000| Untracked 
|  30|0x000000008c400000, 0x000000008c500000, 0x000000008c500000|100%| O|  |TAMS 0x000000008c500000, 0x000000008c400000| Untracked 
|  31|0x000000008c500000, 0x000000008c600000, 0x000000008c600000|100%| O|  |TAMS 0x000000008c600000, 0x000000008c500000| Untracked 
|  32|0x000000008c600000, 0x000000008c700000, 0x000000008c700000|100%| O|  |TAMS 0x000000008c700000, 0x000000008c600000| Untracked 
|  33|0x000000008c700000, 0x000000008c800000, 0x000000008c800000|100%| O|  |TAMS 0x000000008c800000, 0x000000008c700000| Untracked 
|  34|0x000000008c800000, 0x000000008c900000, 0x000000008c900000|100%| O|  |TAMS 0x000000008c8ba800, 0x000000008c800000| Untracked 
|  35|0x000000008c900000, 0x000000008ca00000, 0x000000008ca00000|100%| O|  |TAMS 0x000000008c900000, 0x000000008c900000| Untracked 
|  36|0x000000008ca00000, 0x000000008cb00000, 0x000000008cb00000|100%| O|  |TAMS 0x000000008ca00000, 0x000000008ca00000| Untracked 
|  37|0x000000008cb00000, 0x000000008cc00000, 0x000000008cc00000|100%| O|  |TAMS 0x000000008cb00000, 0x000000008cb00000| Untracked 
|  38|0x000000008cc00000, 0x000000008cd00000, 0x000000008cd00000|100%| O|  |TAMS 0x000000008cc00000, 0x000000008cc00000| Untracked 
|  39|0x000000008cd00000, 0x000000008ce00000, 0x000000008ce00000|100%| O|  |TAMS 0x000000008cd00000, 0x000000008cd00000| Untracked 
|  40|0x000000008ce00000, 0x000000008cf00000, 0x000000008cf00000|100%| O|  |TAMS 0x000000008ce00000, 0x000000008ce00000| Untracked 
|  41|0x000000008cf00000, 0x000000008d000000, 0x000000008d000000|100%| O|  |TAMS 0x000000008cf00000, 0x000000008cf00000| Untracked 
|  42|0x000000008d000000, 0x000000008d100000, 0x000000008d100000|100%| O|  |TAMS 0x000000008d000000, 0x000000008d000000| Untracked 
|  43|0x000000008d100000, 0x000000008d200000, 0x000000008d200000|100%| O|  |TAMS 0x000000008d100000, 0x000000008d100000| Untracked 
|  44|0x000000008d200000, 0x000000008d300000, 0x000000008d300000|100%| O|  |TAMS 0x000000008d200000, 0x000000008d200000| Untracked 
|  45|0x000000008d300000, 0x000000008d400000, 0x000000008d400000|100%| O|  |TAMS 0x000000008d300000, 0x000000008d300000| Untracked 
|  46|0x000000008d400000, 0x000000008d4b6c00, 0x000000008d500000| 71%| O|  |TAMS 0x000000008d400000, 0x000000008d400000| Untracked 
|  47|0x000000008d500000, 0x000000008d500000, 0x000000008d600000|  0%| F|  |TAMS 0x000000008d500000, 0x000000008d500000| Untracked 
|  48|0x000000008d600000, 0x000000008d600000, 0x000000008d700000|  0%| F|  |TAMS 0x000000008d600000, 0x000000008d600000| Untracked 
|  49|0x000000008d700000, 0x000000008d700000, 0x000000008d800000|  0%| F|  |TAMS 0x000000008d700000, 0x000000008d700000| Untracked 
|  50|0x000000008d800000, 0x000000008d800000, 0x000000008d900000|  0%| F|  |TAMS 0x000000008d800000, 0x000000008d800000| Untracked 
|  51|0x000000008d900000, 0x000000008d900000, 0x000000008da00000|  0%| F|  |TAMS 0x000000008d900000, 0x000000008d900000| Untracked 
|  52|0x000000008da00000, 0x000000008da00000, 0x000000008db00000|  0%| F|  |TAMS 0x000000008da00000, 0x000000008da00000| Untracked 
|  53|0x000000008db00000, 0x000000008db00000, 0x000000008dc00000|  0%| F|  |TAMS 0x000000008db00000, 0x000000008db00000| Untracked 
|  54|0x000000008dc00000, 0x000000008dc00000, 0x000000008dd00000|  0%| F|  |TAMS 0x000000008dc00000, 0x000000008dc00000| Untracked 
|  55|0x000000008dd00000, 0x000000008dd00000, 0x000000008de00000|  0%| F|  |TAMS 0x000000008dd00000, 0x000000008dd00000| Untracked 
|  56|0x000000008de00000, 0x000000008de00000, 0x000000008df00000|  0%| F|  |TAMS 0x000000008de00000, 0x000000008de00000| Untracked 
|  57|0x000000008df00000, 0x000000008df00000, 0x000000008e000000|  0%| F|  |TAMS 0x000000008df00000, 0x000000008df00000| Untracked 
|  58|0x000000008e000000, 0x000000008e000000, 0x000000008e100000|  0%| F|  |TAMS 0x000000008e000000, 0x000000008e000000| Untracked 
|  59|0x000000008e100000, 0x000000008e100000, 0x000000008e200000|  0%| F|  |TAMS 0x000000008e100000, 0x000000008e100000| Untracked 
|  60|0x000000008e200000, 0x000000008e200000, 0x000000008e300000|  0%| F|  |TAMS 0x000000008e200000, 0x000000008e200000| Untracked 
|  61|0x000000008e300000, 0x000000008e300000, 0x000000008e400000|  0%| F|  |TAMS 0x000000008e300000, 0x000000008e300000| Untracked 
|  62|0x000000008e400000, 0x000000008e48c300, 0x000000008e500000| 54%| S|CS|TAMS 0x000000008e400000, 0x000000008e400000| Complete 
|  63|0x000000008e500000, 0x000000008e600000, 0x000000008e600000|100%| S|CS|TAMS 0x000000008e500000, 0x000000008e500000| Complete 
|  64|0x000000008e600000, 0x000000008e600000, 0x000000008e700000|  0%| F|  |TAMS 0x000000008e600000, 0x000000008e600000| Untracked 
|  65|0x000000008e700000, 0x000000008e700000, 0x000000008e800000|  0%| F|  |TAMS 0x000000008e700000, 0x000000008e700000| Untracked 
|  66|0x000000008e800000, 0x000000008e800000, 0x000000008e900000|  0%| F|  |TAMS 0x000000008e800000, 0x000000008e800000| Untracked 
|  67|0x000000008e900000, 0x000000008e900000, 0x000000008ea00000|  0%| F|  |TAMS 0x000000008e900000, 0x000000008e900000| Untracked 
|  68|0x000000008ea00000, 0x000000008eb00000, 0x000000008eb00000|100%| S|CS|TAMS 0x000000008ea00000, 0x000000008ea00000| Complete 
|  69|0x000000008eb00000, 0x000000008ec00000, 0x000000008ec00000|100%| S|CS|TAMS 0x000000008eb00000, 0x000000008eb00000| Complete 
|  70|0x000000008ec00000, 0x000000008ed00000, 0x000000008ed00000|100%| S|CS|TAMS 0x000000008ec00000, 0x000000008ec00000| Complete 
|  71|0x000000008ed00000, 0x000000008ed00000, 0x000000008ee00000|  0%| F|  |TAMS 0x000000008ed00000, 0x000000008ed00000| Untracked 
|  72|0x000000008ee00000, 0x000000008ee00000, 0x000000008ef00000|  0%| F|  |TAMS 0x000000008ee00000, 0x000000008ee00000| Untracked 
|  73|0x000000008ef00000, 0x000000008ef00000, 0x000000008f000000|  0%| F|  |TAMS 0x000000008ef00000, 0x000000008ef00000| Untracked 
|  74|0x000000008f000000, 0x000000008f000000, 0x000000008f100000|  0%| F|  |TAMS 0x000000008f000000, 0x000000008f000000| Untracked 
|  75|0x000000008f100000, 0x000000008f100000, 0x000000008f200000|  0%| F|  |TAMS 0x000000008f100000, 0x000000008f100000| Untracked 
|  76|0x000000008f200000, 0x000000008f200000, 0x000000008f300000|  0%| F|  |TAMS 0x000000008f200000, 0x000000008f200000| Untracked 
|  77|0x000000008f300000, 0x000000008f300000, 0x000000008f400000|  0%| F|  |TAMS 0x000000008f300000, 0x000000008f300000| Untracked 
|  78|0x000000008f400000, 0x000000008f400000, 0x000000008f500000|  0%| F|  |TAMS 0x000000008f400000, 0x000000008f400000| Untracked 
|  79|0x000000008f500000, 0x000000008f500000, 0x000000008f600000|  0%| F|  |TAMS 0x000000008f500000, 0x000000008f500000| Untracked 
|  80|0x000000008f600000, 0x000000008f600000, 0x000000008f700000|  0%| F|  |TAMS 0x000000008f600000, 0x000000008f600000| Untracked 
|  81|0x000000008f700000, 0x000000008f700000, 0x000000008f800000|  0%| F|  |TAMS 0x000000008f700000, 0x000000008f700000| Untracked 
|  82|0x000000008f800000, 0x000000008f800000, 0x000000008f900000|  0%| F|  |TAMS 0x000000008f800000, 0x000000008f800000| Untracked 
|  83|0x000000008f900000, 0x000000008f900000, 0x000000008fa00000|  0%| F|  |TAMS 0x000000008f900000, 0x000000008f900000| Untracked 
|  84|0x000000008fa00000, 0x000000008fa00000, 0x000000008fb00000|  0%| F|  |TAMS 0x000000008fa00000, 0x000000008fa00000| Untracked 
|  85|0x000000008fb00000, 0x000000008fb00000, 0x000000008fc00000|  0%| F|  |TAMS 0x000000008fb00000, 0x000000008fb00000| Untracked 
|  86|0x000000008fc00000, 0x000000008fc00000, 0x000000008fd00000|  0%| F|  |TAMS 0x000000008fc00000, 0x000000008fc00000| Untracked 
|  87|0x000000008fd00000, 0x000000008fd00000, 0x000000008fe00000|  0%| F|  |TAMS 0x000000008fd00000, 0x000000008fd00000| Untracked 
|  88|0x000000008fe00000, 0x000000008fe00000, 0x000000008ff00000|  0%| F|  |TAMS 0x000000008fe00000, 0x000000008fe00000| Untracked 
|  89|0x000000008ff00000, 0x000000008ff00000, 0x0000000090000000|  0%| F|  |TAMS 0x000000008ff00000, 0x000000008ff00000| Untracked 
|  90|0x0000000090000000, 0x0000000090000000, 0x0000000090100000|  0%| F|  |TAMS 0x0000000090000000, 0x0000000090000000| Untracked 
|  91|0x0000000090100000, 0x0000000090100000, 0x0000000090200000|  0%| F|  |TAMS 0x0000000090100000, 0x0000000090100000| Untracked 
|  92|0x0000000090200000, 0x0000000090200000, 0x0000000090300000|  0%| F|  |TAMS 0x0000000090200000, 0x0000000090200000| Untracked 
|  93|0x0000000090300000, 0x0000000090300000, 0x0000000090400000|  0%| F|  |TAMS 0x0000000090300000, 0x0000000090300000| Untracked 
|  94|0x0000000090400000, 0x0000000090400000, 0x0000000090500000|  0%| F|  |TAMS 0x0000000090400000, 0x0000000090400000| Untracked 
|  95|0x0000000090500000, 0x0000000090500000, 0x0000000090600000|  0%| F|  |TAMS 0x0000000090500000, 0x0000000090500000| Untracked 
|  96|0x0000000090600000, 0x0000000090600000, 0x0000000090700000|  0%| F|  |TAMS 0x0000000090600000, 0x0000000090600000| Untracked 
|  97|0x0000000090700000, 0x0000000090700000, 0x0000000090800000|  0%| F|  |TAMS 0x0000000090700000, 0x0000000090700000| Untracked 
|  98|0x0000000090800000, 0x0000000090800000, 0x0000000090900000|  0%| F|  |TAMS 0x0000000090800000, 0x0000000090800000| Untracked 
|  99|0x0000000090900000, 0x0000000090900000, 0x0000000090a00000|  0%| F|  |TAMS 0x0000000090900000, 0x0000000090900000| Untracked 
| 100|0x0000000090a00000, 0x0000000090a00000, 0x0000000090b00000|  0%| F|  |TAMS 0x0000000090a00000, 0x0000000090a00000| Untracked 
| 101|0x0000000090b00000, 0x0000000090b00000, 0x0000000090c00000|  0%| F|  |TAMS 0x0000000090b00000, 0x0000000090b00000| Untracked 
| 102|0x0000000090c00000, 0x0000000090c00000, 0x0000000090d00000|  0%| F|  |TAMS 0x0000000090c00000, 0x0000000090c00000| Untracked 
| 103|0x0000000090d00000, 0x0000000090d00000, 0x0000000090e00000|  0%| F|  |TAMS 0x0000000090d00000, 0x0000000090d00000| Untracked 
| 104|0x0000000090e00000, 0x0000000090e00000, 0x0000000090f00000|  0%| F|  |TAMS 0x0000000090e00000, 0x0000000090e00000| Untracked 
| 105|0x0000000090f00000, 0x0000000090f00000, 0x0000000091000000|  0%| F|  |TAMS 0x0000000090f00000, 0x0000000090f00000| Untracked 
| 106|0x0000000091000000, 0x0000000091000000, 0x0000000091100000|  0%| F|  |TAMS 0x0000000091000000, 0x0000000091000000| Untracked 
| 107|0x0000000091100000, 0x0000000091100000, 0x0000000091200000|  0%| F|  |TAMS 0x0000000091100000, 0x0000000091100000| Untracked 
| 108|0x0000000091200000, 0x0000000091200000, 0x0000000091300000|  0%| F|  |TAMS 0x0000000091200000, 0x0000000091200000| Untracked 
| 109|0x0000000091300000, 0x0000000091300000, 0x0000000091400000|  0%| F|  |TAMS 0x0000000091300000, 0x0000000091300000| Untracked 
| 110|0x0000000091400000, 0x0000000091400000, 0x0000000091500000|  0%| F|  |TAMS 0x0000000091400000, 0x0000000091400000| Untracked 
| 111|0x0000000091500000, 0x0000000091500000, 0x0000000091600000|  0%| F|  |TAMS 0x0000000091500000, 0x0000000091500000| Untracked 
| 112|0x0000000091600000, 0x0000000091600000, 0x0000000091700000|  0%| F|  |TAMS 0x0000000091600000, 0x0000000091600000| Untracked 
| 113|0x0000000091700000, 0x0000000091700000, 0x0000000091800000|  0%| F|  |TAMS 0x0000000091700000, 0x0000000091700000| Untracked 
| 114|0x0000000091800000, 0x0000000091800000, 0x0000000091900000|  0%| F|  |TAMS 0x0000000091800000, 0x0000000091800000| Untracked 
| 115|0x0000000091900000, 0x0000000091900000, 0x0000000091a00000|  0%| F|  |TAMS 0x0000000091900000, 0x0000000091900000| Untracked 
| 116|0x0000000091a00000, 0x0000000091a00000, 0x0000000091b00000|  0%| F|  |TAMS 0x0000000091a00000, 0x0000000091a00000| Untracked 
| 117|0x0000000091b00000, 0x0000000091b00000, 0x0000000091c00000|  0%| F|  |TAMS 0x0000000091b00000, 0x0000000091b00000| Untracked 

Card table byte_map: [0x000001c7a09f0000,0x000001c7a0da0000] _byte_map_base: 0x000001c7a059d000

Marking Bits (Prev, Next): (CMBitMap*) 0x000001c78dc78d50, (CMBitMap*) 0x000001c78dc78d10
 Prev Bits: [0x000001c7a2ec0000, 0x000001c7a4c28000)
 Next Bits: [0x000001c7a1150000, 0x000001c7a2eb8000)

Polling page: 0x000001c78bb70000

Metaspace:

Usage:
  Non-class:     64.40 MB used.
      Class:      8.62 MB used.
       Both:     73.02 MB used.

Virtual space:
  Non-class space:      128.00 MB reserved,      64.56 MB ( 50%) committed,  2 nodes.
      Class space:        1.00 GB reserved,       8.75 MB ( <1%) committed,  1 nodes.
             Both:        1.12 GB reserved,      73.31 MB (  6%) committed. 

Chunk freelists:
   Non-Class:  15.47 MB
       Class:  7.27 MB
        Both:  22.73 MB

MaxMetaspaceSize: unlimited
CompressedClassSpaceSize: 1.00 GB
Initial GC threshold: 21.00 MB
Current GC threshold: 95.75 MB
CDS: off
MetaspaceReclaimPolicy: balanced
 - commit_granule_bytes: 65536.
 - commit_granule_words: 8192.
 - virtual_space_node_default_size: 8388608.
 - enlarge_chunks_in_place: 1.
 - new_chunks_are_fully_committed: 0.
 - uncommit_free_chunks: 1.
 - use_allocation_guard: 0.
 - handle_deallocations: 1.


Internal statistics:

num_allocs_failed_limit: 6.
num_arena_births: 268.
num_arena_deaths: 0.
num_vsnodes_births: 3.
num_vsnodes_deaths: 0.
num_space_committed: 1171.
num_space_uncommitted: 0.
num_chunks_returned_to_freelist: 6.
num_chunks_taken_from_freelist: 2546.
num_chunk_merges: 6.
num_chunk_splits: 2168.
num_chunks_enlarged: 1997.
num_inconsistent_stats: 0.

CodeHeap 'non-profiled nmethods': size=120000Kb used=3431Kb max_used=3431Kb free=116568Kb
 bounds [0x000001c798bc0000, 0x000001c798f20000, 0x000001c7a00f0000]
CodeHeap 'profiled nmethods': size=120000Kb used=16517Kb max_used=16517Kb free=103482Kb
 bounds [0x000001c7910f0000, 0x000001c792120000, 0x000001c798620000]
CodeHeap 'non-nmethods': size=5760Kb used=1379Kb max_used=1426Kb free=4381Kb
 bounds [0x000001c798620000, 0x000001c798890000, 0x000001c798bc0000]
 total_blobs=7816 nmethods=7105 adapters=621
 compilation: enabled
              stopped_count=0, restarted_count=0
 full_count=0

Compilation events (20 events):
Event: 5.864 Thread 0x000001c7a7a22410 7908       3       org.jetbrains.kotlin.ir.util.IrUtilsKt::isStatic (30 bytes)
Event: 5.864 Thread 0x000001c7a7a22410 nmethod 7908 0x000001c79210dc90 code [0x000001c79210dec0, 0x000001c79210e718]
Event: 5.864 Thread 0x000001c7a7a22410 7910       3       org.jetbrains.kotlin.backend.jvm.lower.BridgeLoweringKt::access$resolvesToClass (5 bytes)
Event: 5.864 Thread 0x000001c7a7a22410 nmethod 7910 0x000001c79210e990 code [0x000001c79210eb40, 0x000001c79210ee18]
Event: 5.864 Thread 0x000001c7ad3f5f10 nmethod 7898 0x000001c798f17990 code [0x000001c798f17ba0, 0x000001c798f183f8]
Event: 5.864 Thread 0x000001c7a7a22410 7909       3       org.jetbrains.kotlin.ir.util.IrUtilsKt::isMethodOfAny (123 bytes)
Event: 5.865 Thread 0x000001c7a7a22410 nmethod 7909 0x000001c79210ef10 code [0x000001c79210f360, 0x000001c7921111a8]
Event: 5.868 Thread 0x000001c7a7a22410 7911       1       org.jetbrains.kotlin.ir.declarations.lazy.IrLazyFunction::getCorrespondingPropertySymbol (5 bytes)
Event: 5.868 Thread 0x000001c7a7a22410 nmethod 7911 0x000001c798f18f10 code [0x000001c798f190a0, 0x000001c798f19178]
Event: 5.868 Thread 0x000001c7a7a22410 7912       1       org.jetbrains.kotlin.codegen.signature.JvmSignatureWriter::skipGenericSignature (2 bytes)
Event: 5.868 Thread 0x000001c7a7a20a50 7913       4       java.util.ArrayList::contains (14 bytes)
Event: 5.868 Thread 0x000001c7ad3f5f10 7914       4       java.util.Collections$UnmodifiableMap::get (11 bytes)
Event: 5.868 Thread 0x000001c7a7a22410 nmethod 7912 0x000001c798f19210 code [0x000001c798f193a0, 0x000001c798f19478]
Event: 5.868 Thread 0x000001c7a7a22410 7915       1       org.jetbrains.kotlin.ir.declarations.lazy.IrLazyFunction::getName (5 bytes)
Event: 5.868 Thread 0x000001c7a7a22410 nmethod 7915 0x000001c798f19510 code [0x000001c798f196a0, 0x000001c798f19778]
Event: 5.869 Thread 0x000001c7a7a22410 7917       1       org.jetbrains.kotlin.load.kotlin.JvmDescriptorTypeWriter::getJvmCurrentType (5 bytes)
Event: 5.870 Thread 0x000001c7a7a22410 nmethod 7917 0x000001c798f19810 code [0x000001c798f199a0, 0x000001c798f19a78]
Event: 5.870 Thread 0x000001c7a7a22410 7918       1       org.jetbrains.kotlin.backend.jvm.JvmBackendContext::getBridgeLoweringCache (5 bytes)
Event: 5.870 Thread 0x000001c7a7a22410 nmethod 7918 0x000001c798f19b10 code [0x000001c798f19ca0, 0x000001c798f19d78]
Event: 5.870 Thread 0x000001c7a7a22410 7919       3       java.util.ArrayList$SubList$1::checkForComodification (26 bytes)

GC Heap History (20 events):
Event: 2.232 GC heap after
{Heap after GC invocations=10 (full 0):
 garbage-first heap   total 63488K, used 20255K [0x000000008a600000, 0x0000000100000000)
  region size 1024K, 4 young (4096K), 4 survivors (4096K)
 Metaspace       used 41390K, committed 41600K, reserved 1114112K
  class space    used 5085K, committed 5184K, reserved 1048576K
}
Event: 2.631 GC heap before
{Heap before GC invocations=10 (full 0):
 garbage-first heap   total 63488K, used 48927K [0x000000008a600000, 0x0000000100000000)
  region size 1024K, 30 young (30720K), 4 survivors (4096K)
 Metaspace       used 46563K, committed 46784K, reserved 1114112K
  class space    used 5712K, committed 5824K, reserved 1048576K
}
Event: 2.638 GC heap after
{Heap after GC invocations=11 (full 0):
 garbage-first heap   total 63488K, used 26455K [0x000000008a600000, 0x0000000100000000)
  region size 1024K, 4 young (4096K), 4 survivors (4096K)
 Metaspace       used 46563K, committed 46784K, reserved 1114112K
  class space    used 5712K, committed 5824K, reserved 1048576K
}
Event: 2.717 GC heap before
{Heap before GC invocations=11 (full 0):
 garbage-first heap   total 63488K, used 47959K [0x000000008a600000, 0x0000000100000000)
  region size 1024K, 25 young (25600K), 4 survivors (4096K)
 Metaspace       used 46792K, committed 47040K, reserved 1114112K
  class space    used 5718K, committed 5824K, reserved 1048576K
}
Event: 2.722 GC heap after
{Heap after GC invocations=12 (full 0):
 garbage-first heap   total 76800K, used 28117K [0x000000008a600000, 0x0000000100000000)
  region size 1024K, 2 young (2048K), 2 survivors (2048K)
 Metaspace       used 46792K, committed 47040K, reserved 1114112K
  class space    used 5718K, committed 5824K, reserved 1048576K
}
Event: 3.091 GC heap before
{Heap before GC invocations=12 (full 0):
 garbage-first heap   total 76800K, used 57813K [0x000000008a600000, 0x0000000100000000)
  region size 1024K, 31 young (31744K), 2 survivors (2048K)
 Metaspace       used 51376K, committed 51648K, reserved 1114112K
  class space    used 6243K, committed 6336K, reserved 1048576K
}
Event: 3.098 GC heap after
{Heap after GC invocations=13 (full 0):
 garbage-first heap   total 76800K, used 30497K [0x000000008a600000, 0x0000000100000000)
  region size 1024K, 4 young (4096K), 4 survivors (4096K)
 Metaspace       used 51376K, committed 51648K, reserved 1114112K
  class space    used 6243K, committed 6336K, reserved 1048576K
}
Event: 3.527 GC heap before
{Heap before GC invocations=13 (full 0):
 garbage-first heap   total 76800K, used 58145K [0x000000008a600000, 0x0000000100000000)
  region size 1024K, 31 young (31744K), 4 survivors (4096K)
 Metaspace       used 52437K, committed 52672K, reserved 1114112K
  class space    used 6266K, committed 6336K, reserved 1048576K
}
Event: 3.542 GC heap after
{Heap after GC invocations=14 (full 0):
 garbage-first heap   total 76800K, used 35360K [0x000000008a600000, 0x0000000100000000)
  region size 1024K, 4 young (4096K), 4 survivors (4096K)
 Metaspace       used 52437K, committed 52672K, reserved 1114112K
  class space    used 6266K, committed 6336K, reserved 1048576K
}
Event: 3.746 GC heap before
{Heap before GC invocations=14 (full 0):
 garbage-first heap   total 76800K, used 58912K [0x000000008a600000, 0x0000000100000000)
  region size 1024K, 27 young (27648K), 4 survivors (4096K)
 Metaspace       used 52996K, committed 53184K, reserved 1114112K
  class space    used 6317K, committed 6400K, reserved 1048576K
}
Event: 3.755 GC heap after
{Heap after GC invocations=15 (full 0):
 garbage-first heap   total 76800K, used 38634K [0x000000008a600000, 0x0000000100000000)
  region size 1024K, 3 young (3072K), 3 survivors (3072K)
 Metaspace       used 52996K, committed 53184K, reserved 1114112K
  class space    used 6317K, committed 6400K, reserved 1048576K
}
Event: 4.132 GC heap before
{Heap before GC invocations=15 (full 0):
 garbage-first heap   total 76800K, used 60138K [0x000000008a600000, 0x0000000100000000)
  region size 1024K, 24 young (24576K), 3 survivors (3072K)
 Metaspace       used 58416K, committed 58624K, reserved 1114112K
  class space    used 7103K, committed 7168K, reserved 1048576K
}
Event: 4.140 GC heap after
{Heap after GC invocations=16 (full 0):
 garbage-first heap   total 105472K, used 40340K [0x000000008a600000, 0x0000000100000000)
  region size 1024K, 2 young (2048K), 2 survivors (2048K)
 Metaspace       used 58416K, committed 58624K, reserved 1114112K
  class space    used 7103K, committed 7168K, reserved 1048576K
}
Event: 4.930 GC heap before
{Heap before GC invocations=17 (full 0):
 garbage-first heap   total 105472K, used 80276K [0x000000008a600000, 0x0000000100000000)
  region size 1024K, 41 young (41984K), 2 survivors (2048K)
 Metaspace       used 65225K, committed 65536K, reserved 1114112K
  class space    used 7836K, committed 8000K, reserved 1048576K
}
Event: 4.940 GC heap after
{Heap after GC invocations=18 (full 0):
 garbage-first heap   total 105472K, used 45371K [0x000000008a600000, 0x0000000100000000)
  region size 1024K, 6 young (6144K), 6 survivors (6144K)
 Metaspace       used 65225K, committed 65536K, reserved 1114112K
  class space    used 7836K, committed 8000K, reserved 1048576K
}
Event: 4.956 GC heap before
{Heap before GC invocations=18 (full 0):
 garbage-first heap   total 105472K, used 46395K [0x000000008a600000, 0x0000000100000000)
  region size 1024K, 7 young (7168K), 6 survivors (6144K)
 Metaspace       used 65445K, committed 65728K, reserved 1114112K
  class space    used 7860K, committed 8000K, reserved 1048576K
}
Event: 4.963 GC heap after
{Heap after GC invocations=19 (full 0):
 garbage-first heap   total 105472K, used 45532K [0x000000008a600000, 0x0000000100000000)
  region size 1024K, 1 young (1024K), 1 survivors (1024K)
 Metaspace       used 65445K, committed 65728K, reserved 1114112K
  class space    used 7860K, committed 8000K, reserved 1048576K
}
Event: 5.512 GC heap before
{Heap before GC invocations=19 (full 0):
 garbage-first heap   total 105472K, used 80348K [0x000000008a600000, 0x0000000100000000)
  region size 1024K, 35 young (35840K), 1 survivors (1024K)
 Metaspace       used 71052K, committed 71360K, reserved 1114112K
  class space    used 8450K, committed 8576K, reserved 1048576K
}
Event: 5.518 GC heap after
{Heap after GC invocations=20 (full 0):
 garbage-first heap   total 105472K, used 47985K [0x000000008a600000, 0x0000000100000000)
  region size 1024K, 4 young (4096K), 4 survivors (4096K)
 Metaspace       used 71052K, committed 71360K, reserved 1114112K
  class space    used 8450K, committed 8576K, reserved 1048576K
}
Event: 5.870 GC heap before
{Heap before GC invocations=20 (full 0):
 garbage-first heap   total 105472K, used 80753K [0x000000008a600000, 0x0000000100000000)
  region size 1024K, 36 young (36864K), 4 survivors (4096K)
 Metaspace       used 74776K, committed 75072K, reserved 1179648K
  class space    used 8826K, committed 8960K, reserved 1048576K
}

Dll operation events (2 events):
Event: 0.007 Loaded shared library C:\Program Files\Android\Android Studio1\jbr\bin\java.dll
Event: 1.264 Loaded shared library C:\Program Files\Android\Android Studio1\jbr\bin\verify.dll

Deoptimization events (20 events):
Event: 5.338 Thread 0x000001c78dc22880 DEOPT PACKING pc=0x000001c798e73af0 sp=0x00000091d9afe650
Event: 5.338 Thread 0x000001c78dc22880 DEOPT UNPACKING pc=0x000001c7986769a3 sp=0x00000091d9afe5f8 mode 2
Event: 5.382 Thread 0x000001c78dc22880 DEOPT PACKING pc=0x000001c791e3824c sp=0x00000091d9afdfc0
Event: 5.382 Thread 0x000001c78dc22880 DEOPT UNPACKING pc=0x000001c798677143 sp=0x00000091d9afd458 mode 0
Event: 5.417 Thread 0x000001c78dc22880 Uncommon trap: trap_request=0xffffff45 fr.pc=0x000001c798e3f6c8 relative=0x0000000000006aa8
Event: 5.417 Thread 0x000001c78dc22880 Uncommon trap: reason=unstable_if action=reinterpret pc=0x000001c798e3f6c8 method=org.jetbrains.org.objectweb.asm.ClassReader.readMethod(Lorg/jetbrains/org/objectweb/asm/ClassVisitor;Lorg/jetbrains/org/objectweb/asm/Context;I)I @ 414 c2
Event: 5.417 Thread 0x000001c78dc22880 DEOPT PACKING pc=0x000001c798e3f6c8 sp=0x00000091d9afd4d0
Event: 5.417 Thread 0x000001c78dc22880 DEOPT UNPACKING pc=0x000001c7986769a3 sp=0x00000091d9afd468 mode 2
Event: 5.564 Thread 0x000001c78dc22880 Uncommon trap: trap_request=0xffffff45 fr.pc=0x000001c798eab574 relative=0x00000000000027d4
Event: 5.564 Thread 0x000001c78dc22880 Uncommon trap: reason=unstable_if action=reinterpret pc=0x000001c798eab574 method=org.jetbrains.kotlin.builtins.jvm.JvmBuiltInClassDescriptorFactory.shouldCreateClass(Lorg/jetbrains/kotlin/name/FqName;Lorg/jetbrains/kotlin/name/Name;)Z @ 19 c2
Event: 5.564 Thread 0x000001c78dc22880 DEOPT PACKING pc=0x000001c798eab574 sp=0x00000091d9afc860
Event: 5.564 Thread 0x000001c78dc22880 DEOPT UNPACKING pc=0x000001c7986769a3 sp=0x00000091d9afc6d0 mode 2
Event: 5.565 Thread 0x000001c78dc22880 Uncommon trap: trap_request=0xffffffc6 fr.pc=0x000001c798eaf350 relative=0x00000000000006f0
Event: 5.565 Thread 0x000001c78dc22880 Uncommon trap: reason=bimorphic_or_optimized_type_check action=maybe_recompile pc=0x000001c798eaf350 method=org.jetbrains.kotlin.descriptors.impl.FunctionDescriptorImpl.isInfix()Z @ 44 c2
Event: 5.566 Thread 0x000001c78dc22880 DEOPT PACKING pc=0x000001c798eaf350 sp=0x00000091d9afd440
Event: 5.566 Thread 0x000001c78dc22880 DEOPT UNPACKING pc=0x000001c7986769a3 sp=0x00000091d9afd3e0 mode 2
Event: 5.747 Thread 0x000001c78dc22880 Uncommon trap: trap_request=0xffffffc6 fr.pc=0x000001c798eaf350 relative=0x00000000000006f0
Event: 5.747 Thread 0x000001c78dc22880 Uncommon trap: reason=bimorphic_or_optimized_type_check action=maybe_recompile pc=0x000001c798eaf350 method=org.jetbrains.kotlin.descriptors.impl.FunctionDescriptorImpl.isInfix()Z @ 44 c2
Event: 5.747 Thread 0x000001c78dc22880 DEOPT PACKING pc=0x000001c798eaf350 sp=0x00000091d9afd390
Event: 5.747 Thread 0x000001c78dc22880 DEOPT UNPACKING pc=0x000001c7986769a3 sp=0x00000091d9afd328 mode 2

Classes unloaded (0 events):
No events

Classes redefined (0 events):
No events

Internal exceptions (20 events):
Event: 3.486 Thread 0x000001c78dc22880 Implicit null exception at 0x000001c798c0a28c to 0x000001c798c0a498
Event: 3.486 Thread 0x000001c78dc22880 Implicit null exception at 0x000001c798c1470f to 0x000001c798c14785
Event: 3.599 Thread 0x000001c78dc22880 Exception <a 'java/lang/NoSuchMethodError'{0x000000008f548aa0}: 'java.lang.Object java.lang.invoke.DirectMethodHandle$Holder.newInvokeSpecial(java.lang.Object, int, java.lang.Object)'> (0x000000008f548aa0) 
thrown [s\src\hotspot\share\interpreter\linkResolver.cpp, line 771]
Event: 3.599 Thread 0x000001c78dc22880 Exception <a 'java/lang/NoSuchMethodError'{0x000000008f54f108}: 'int java.lang.invoke.DirectMethodHandle$Holder.invokeInterface(java.lang.Object, java.lang.Object)'> (0x000000008f54f108) 
thrown [s\src\hotspot\share\interpreter\linkResolver.cpp, line 771]
Event: 3.945 Thread 0x000001c78dc22880 Implicit null exception at 0x000001c798d246cc to 0x000001c798d247a8
Event: 3.945 Thread 0x000001c78dc22880 Implicit null exception at 0x000001c798cca589 to 0x000001c798cca670
Event: 3.945 Thread 0x000001c78dc22880 Implicit null exception at 0x000001c798c23658 to 0x000001c798c236ea
Event: 4.068 Thread 0x000001c78dc22880 Exception <a 'java/lang/NoSuchMethodError'{0x000000008de5a090}: 'java.lang.Object java.lang.invoke.DirectMethodHandle$Holder.invokeStatic(java.lang.Object, java.lang.Object, java.lang.Object, java.lang.Object, int)'> (0x000000008de5a090) 
thrown [s\src\hotspot\share\interpreter\linkResolver.cpp, line 771]
Event: 4.068 Thread 0x000001c78dc22880 Exception <a 'java/lang/NoSuchMethodError'{0x000000008de64020}: 'java.lang.Object java.lang.invoke.DirectMethodHandle$Holder.newInvokeSpecial(java.lang.Object, java.lang.Object, java.lang.Object, java.lang.Object, int)'> (0x000000008de64020) 
thrown [s\src\hotspot\share\interpreter\linkResolver.cpp, line 771]
Event: 4.069 Thread 0x000001c78dc22880 Exception <a 'java/lang/NoSuchMethodError'{0x000000008de6c9a8}: 'java.lang.Object java.lang.invoke.Invokers$Holder.linkToTargetMethod(java.lang.Object, java.lang.Object, java.lang.Object, int, java.lang.Object)'> (0x000000008de6c9a8) 
thrown [s\src\hotspot\share\interpreter\linkResolver.cpp, line 771]
Event: 4.108 Thread 0x000001c78dc22880 Exception <a 'java/lang/NoSuchMethodError'{0x000000008dc0ef08}: 'void java.lang.invoke.DirectMethodHandle$Holder.invokeInterface(java.lang.Object, java.lang.Object)'> (0x000000008dc0ef08) 
thrown [s\src\hotspot\share\interpreter\linkResolver.cpp, line 771]
Event: 4.183 Thread 0x000001c78dc22880 Exception <a 'java/lang/IncompatibleClassChangeError'{0x0000000090b15a48}: Found class java.lang.Object, but interface was expected> (0x0000000090b15a48) 
thrown [s\src\hotspot\share\interpreter\linkResolver.cpp, line 838]
Event: 4.270 Thread 0x000001c78dc22880 Exception <a 'java/lang/NoSuchMethodError'{0x000000009081db90}: 'java.lang.Object java.lang.invoke.DirectMethodHandle$Holder.invokeInterface(java.lang.Object, java.lang.Object, java.lang.Object)'> (0x000000009081db90) 
thrown [s\src\hotspot\share\interpreter\linkResolver.cpp, line 771]
Event: 4.270 Thread 0x000001c78dc22880 Exception <a 'java/lang/IncompatibleClassChangeError'{0x0000000090821500}: Found class java.lang.Object, but interface was expected> (0x0000000090821500) 
thrown [s\src\hotspot\share\interpreter\linkResolver.cpp, line 838]
Event: 4.415 Thread 0x000001c78dc22880 Exception <a 'java/lang/NoSuchMethodError'{0x0000000090236388}: 'int java.lang.invoke.DirectMethodHandle$Holder.invokeStaticInit(java.lang.Object, int)'> (0x0000000090236388) 
thrown [s\src\hotspot\share\interpreter\linkResolver.cpp, line 771]
Event: 4.581 Thread 0x000001c78dc22880 Exception <a 'java/lang/NoSuchMethodError'{0x000000008f952f58}: 'java.lang.Object java.lang.invoke.DirectMethodHandle$Holder.newInvokeSpecial(java.lang.Object, java.lang.Object, java.lang.Object, java.lang.Object, java.lang.Object, java.lang.Object, java.lang.Object)'> (0x000000008f952f58) 
thrown [s\src\hotspot\share\interpreter\linkResolver.cpp, line 771]
Event: 4.581 Thread 0x000001c78dc22880 Exception <a 'java/lang/NoSuchMethodError'{0x000000008f957db8}: 'java.lang.Object java.lang.invoke.Invokers$Holder.linkToTargetMethod(java.lang.Object, java.lang.Object, java.lang.Object, java.lang.Object, java.lang.Object, java.lang.Object, java.lang.Object)'> (0x000000008f957db8) 
thrown [s\src\hotspot\share\interpreter\linkResolver.cpp, line 771]
Event: 4.678 Thread 0x000001c78dc22880 Implicit null exception at 0x000001c798c5ac0c to 0x000001c798c5ae18
Event: 4.774 Thread 0x000001c78dc22880 Exception <a 'java/lang/NoSuchMethodError'{0x000000008f03eb88}: 'java.lang.Object java.lang.invoke.DirectMethodHandle$Holder.invokeStaticInit(java.lang.Object, java.lang.Object, java.lang.Object, java.lang.Object)'> (0x000000008f03eb88) 
thrown [s\src\hotspot\share\interpreter\linkResolver.cpp, line 771]
Event: 5.205 Thread 0x000001c78dc22880 Exception <a 'java/lang/NoSuchMethodError'{0x000000008fb01c88}: 'java.lang.Object java.lang.invoke.Invokers$Holder.linkToTargetMethod(java.lang.Object, java.lang.Object, int, int, java.lang.Object, java.lang.Object, java.lang.Object, java.lang.Object, java.lang.Object)'> (0x000000008fb01c88) 
thrown [s\src\hotspot\share\interpreter\linkResolver.cpp, line 771]

VM Operations (20 events):
Event: 5.465 Executing VM operation: HandshakeAllThreads done
Event: 5.465 Executing VM operation: HandshakeAllThreads
Event: 5.465 Executing VM operation: HandshakeAllThreads done
Event: 5.495 Executing VM operation: ICBufferFull
Event: 5.495 Executing VM operation: ICBufferFull done
Event: 5.512 Executing VM operation: G1CollectForAllocation
Event: 5.518 Executing VM operation: G1CollectForAllocation done
Event: 5.531 Executing VM operation: HandshakeAllThreads
Event: 5.531 Executing VM operation: HandshakeAllThreads done
Event: 5.537 Executing VM operation: HandshakeAllThreads
Event: 5.537 Executing VM operation: HandshakeAllThreads done
Event: 5.603 Executing VM operation: HandshakeAllThreads
Event: 5.603 Executing VM operation: HandshakeAllThreads done
Event: 5.608 Executing VM operation: HandshakeAllThreads
Event: 5.608 Executing VM operation: HandshakeAllThreads done
Event: 5.685 Executing VM operation: ICBufferFull
Event: 5.686 Executing VM operation: ICBufferFull done
Event: 5.828 Executing VM operation: ICBufferFull
Event: 5.829 Executing VM operation: ICBufferFull done
Event: 5.870 Executing VM operation: G1CollectForAllocation

Events (20 events):
Event: 4.781 loading class jdk/internal/math/FloatingDecimal$1
Event: 4.781 loading class jdk/internal/math/FloatingDecimal$1 done
Event: 4.781 loading class jdk/internal/math/FloatingDecimal$PreparedASCIIToBinaryBuffer
Event: 4.781 loading class jdk/internal/math/FloatingDecimal$ASCIIToBinaryConverter
Event: 4.781 loading class jdk/internal/math/FloatingDecimal$ASCIIToBinaryConverter done
Event: 4.781 loading class jdk/internal/math/FloatingDecimal$PreparedASCIIToBinaryBuffer done
Event: 4.781 loading class jdk/internal/math/FloatingDecimal$ASCIIToBinaryBuffer
Event: 4.781 loading class jdk/internal/math/FloatingDecimal$ASCIIToBinaryBuffer done
Event: 4.792 loading class java/text/FieldPosition
Event: 4.792 loading class java/text/FieldPosition done
Event: 4.792 loading class java/util/Date
Event: 4.792 loading class java/util/Date done
Event: 4.792 loading class java/text/MessageFormat$Field
Event: 4.793 loading class java/text/Format$Field
Event: 4.793 loading class java/text/AttributedCharacterIterator$Attribute
Event: 4.793 loading class java/text/AttributedCharacterIterator$Attribute done
Event: 4.793 loading class java/text/Format$Field done
Event: 4.793 loading class java/text/MessageFormat$Field done
Event: 5.435 Thread 0x000001c7a7a254d0 flushing nmethod 0x000001c7919f9f10
Event: 5.435 Thread 0x000001c7a7a254d0 flushing nmethod 0x000001c791a36e10


Dynamic libraries:
0x00007ff621940000 - 0x00007ff62194a000 	C:\Program Files\Android\Android Studio1\jbr\bin\java.exe
0x00007fff2fb50000 - 0x00007fff2fd67000 	C:\WINDOWS\SYSTEM32\ntdll.dll
0x00007fff2f180000 - 0x00007fff2f244000 	C:\WINDOWS\System32\KERNEL32.DLL
0x00007fff2cfb0000 - 0x00007fff2d356000 	C:\WINDOWS\System32\KERNELBASE.dll
0x00007fff2d5f0000 - 0x00007fff2d701000 	C:\WINDOWS\System32\ucrtbase.dll
0x00007ffea3910000 - 0x00007ffea3927000 	C:\Program Files\Android\Android Studio1\jbr\bin\jli.dll
0x00007fff2ddd0000 - 0x00007fff2df7e000 	C:\WINDOWS\System32\USER32.dll
0x00007fff2d710000 - 0x00007fff2d736000 	C:\WINDOWS\System32\win32u.dll
0x00007fff292f0000 - 0x00007fff2930b000 	C:\Program Files\Android\Android Studio1\jbr\bin\VCRUNTIME140.dll
0x00007fff2dda0000 - 0x00007fff2ddc9000 	C:\WINDOWS\System32\GDI32.dll
0x00007fff102d0000 - 0x00007fff10563000 	C:\WINDOWS\WinSxS\amd64_microsoft.windows.common-controls_6595b64144ccf1df_6.0.22621.2506_none_270c5ae97388e100\COMCTL32.dll
0x00007fff2d360000 - 0x00007fff2d478000 	C:\WINDOWS\System32\gdi32full.dll
0x00007fff2f4b0000 - 0x00007fff2f557000 	C:\WINDOWS\System32\msvcrt.dll
0x00007fff2d740000 - 0x00007fff2d7da000 	C:\WINDOWS\System32\msvcp_win.dll
0x00007fff2db10000 - 0x00007fff2db41000 	C:\WINDOWS\System32\IMM32.DLL
0x00007fff278a0000 - 0x00007fff278ac000 	C:\Program Files\Android\Android Studio1\jbr\bin\vcruntime140_1.dll
0x00007fff071e0000 - 0x00007fff0726d000 	C:\Program Files\Android\Android Studio1\jbr\bin\msvcp140.dll
0x00007ffe8e050000 - 0x00007ffe8ecd0000 	C:\Program Files\Android\Android Studio1\jbr\bin\server\jvm.dll
0x00007fff2f0c0000 - 0x00007fff2f171000 	C:\WINDOWS\System32\ADVAPI32.dll
0x00007fff2e150000 - 0x00007fff2e1f5000 	C:\WINDOWS\System32\sechost.dll
0x00007fff2f290000 - 0x00007fff2f3a7000 	C:\WINDOWS\System32\RPCRT4.dll
0x00007fff26960000 - 0x00007fff26994000 	C:\WINDOWS\SYSTEM32\WINMM.dll
0x00007fff01420000 - 0x00007fff01429000 	C:\WINDOWS\SYSTEM32\WSOCK32.dll
0x00007fff25ca0000 - 0x00007fff25caa000 	C:\WINDOWS\SYSTEM32\VERSION.dll
0x00007fff2f040000 - 0x00007fff2f0b1000 	C:\WINDOWS\System32\WS2_32.dll
0x00007fff2be90000 - 0x00007fff2bea8000 	C:\WINDOWS\SYSTEM32\kernel.appcore.dll
0x00007fff27890000 - 0x00007fff2789a000 	C:\Program Files\Android\Android Studio1\jbr\bin\jimage.dll
0x00007fff2a050000 - 0x00007fff2a283000 	C:\WINDOWS\SYSTEM32\DBGHELP.DLL
0x00007fff2f560000 - 0x00007fff2f8e9000 	C:\WINDOWS\System32\combase.dll
0x00007fff2dcc0000 - 0x00007fff2dd97000 	C:\WINDOWS\System32\OLEAUT32.dll
0x00007fff02a30000 - 0x00007fff02a62000 	C:\WINDOWS\SYSTEM32\dbgcore.DLL
0x00007fff2cec0000 - 0x00007fff2cf3a000 	C:\WINDOWS\System32\bcryptPrimitives.dll
0x00007ffef2010000 - 0x00007ffef2035000 	C:\Program Files\Android\Android Studio1\jbr\bin\java.dll
0x00007ffefc320000 - 0x00007ffefc338000 	C:\Program Files\Android\Android Studio1\jbr\bin\zip.dll
0x00007fff2e360000 - 0x00007fff2ebba000 	C:\WINDOWS\System32\SHELL32.dll
0x00007fff2ad90000 - 0x00007fff2b686000 	C:\WINDOWS\SYSTEM32\windows.storage.dll
0x00007fff2ac50000 - 0x00007fff2ad8e000 	C:\WINDOWS\SYSTEM32\wintypes.dll
0x00007fff2d8a0000 - 0x00007fff2d993000 	C:\WINDOWS\System32\SHCORE.dll
0x00007fff2e200000 - 0x00007fff2e25e000 	C:\WINDOWS\System32\shlwapi.dll
0x00007fff2cdf0000 - 0x00007fff2ce16000 	C:\WINDOWS\SYSTEM32\profapi.dll
0x00007ffeb62a0000 - 0x00007ffeb62b9000 	C:\Program Files\Android\Android Studio1\jbr\bin\net.dll
0x00007fff27e50000 - 0x00007fff27f87000 	C:\WINDOWS\SYSTEM32\WINHTTP.dll
0x00007fff2c300000 - 0x00007fff2c369000 	C:\WINDOWS\system32\mswsock.dll
0x00007ffeb5fa0000 - 0x00007ffeb5fb6000 	C:\Program Files\Android\Android Studio1\jbr\bin\nio.dll
0x00007ffee0710000 - 0x00007ffee0720000 	C:\Program Files\Android\Android Studio1\jbr\bin\verify.dll

dbghelp: loaded successfully - version: 4.0.5 - missing functions: none
symbol engine: initialized successfully - sym options: 0x614 - pdb path: .;C:\Program Files\Android\Android Studio1\jbr\bin;C:\WINDOWS\SYSTEM32;C:\WINDOWS\WinSxS\amd64_microsoft.windows.common-controls_6595b64144ccf1df_6.0.22621.2506_none_270c5ae97388e100;C:\Program Files\Android\Android Studio1\jbr\bin\server

VM Arguments:
java_command: org.jetbrains.kotlin.cli.jvm.K2JVMCompiler @D:\college\coding\android\NafisCoachingCenter\app\build\20240107_4355884860490317018.compiler.options
java_class_path (initial): C:\Users\nafis\.gradle\caches\modules-2\files-2.1\org.jetbrains.kotlin\kotlin-compiler-embeddable\1.9.10\57ca1b0823ae3ecb451a97e1f8e6de0b19ea5294\kotlin-compiler-embeddable-1.9.10.jar;C:\Users\nafis\.gradle\caches\modules-2\files-2.1\org.jetbrains.kotlin\kotlin-stdlib\1.9.10\72812e8a368917ab5c0a5081b56915ffdfec93b7\kotlin-stdlib-1.9.10.jar;C:\Users\nafis\.gradle\caches\modules-2\files-2.1\org.jetbrains.kotlin\kotlin-script-runtime\1.9.10\398513a8534701579cccaf5953ea914416b4696c\kotlin-script-runtime-1.9.10.jar;C:\Users\nafis\.gradle\caches\modules-2\files-2.1\org.jetbrains.kotlin\kotlin-reflect\1.6.10\1cbe9c92c12a94eea200d23c2bbaedaf3daf5132\kotlin-reflect-1.6.10.jar;C:\Users\nafis\.gradle\caches\modules-2\files-2.1\org.jetbrains.kotlin\kotlin-daemon-embeddable\1.9.10\bda2f7daa6b89d2ded2d9e1e0b0cadaf9446ade1\kotlin-daemon-embeddable-1.9.10.jar;C:\Users\nafis\.gradle\caches\modules-2\files-2.1\org.jetbrains.intellij.deps\trove4j\1.0.20200330\3afb14d5f9ceb459d724e907a21145e8ff394f02\trove4j-1.0.20200330.jar;C:\Users\nafis\.gradle\caches\modules-2\files-2.1\org.jetbrains.kotlin\kotlin-stdlib-common\1.9.10\dafaf2c27f27c09220cee312df10917d9a5d97ce\kotlin-stdlib-common-1.9.10.jar;C:\Users\nafis\.gradle\caches\modules-2\files-2.1\org.jetbrains\annotations\13.0\919f0dfe192fb4e063e7dacadee7f8bb9a2672a9\annotations-13.0.jar
Launcher Type: SUN_STANDARD

[Global flags]
     intx CICompilerCount                          = 4                                         {product} {ergonomic}
     uint ConcGCThreads                            = 3                                         {product} {ergonomic}
     uint G1ConcRefinementThreads                  = 10                                        {product} {ergonomic}
   size_t G1HeapRegionSize                         = 1048576                                   {product} {ergonomic}
    uintx GCDrainStackTargetSize                   = 64                                        {product} {ergonomic}
   size_t InitialHeapSize                          = 123731968                                 {product} {ergonomic}
   size_t MarkStackSize                            = 4194304                                   {product} {ergonomic}
   size_t MaxHeapSize                              = 1973420032                                {product} {ergonomic}
   size_t MaxNewSize                               = 1183842304                                {product} {ergonomic}
   size_t MinHeapDeltaBytes                        = 1048576                                   {product} {ergonomic}
   size_t MinHeapSize                              = 8388608                                   {product} {ergonomic}
    uintx NonNMethodCodeHeapSize                   = 5839372                                {pd product} {ergonomic}
    uintx NonProfiledCodeHeapSize                  = 122909434                              {pd product} {ergonomic}
    uintx ProfiledCodeHeapSize                     = 122909434                              {pd product} {ergonomic}
    uintx ReservedCodeCacheSize                    = 251658240                              {pd product} {ergonomic}
     bool SegmentedCodeCache                       = true                                      {product} {ergonomic}
   size_t SoftMaxHeapSize                          = 1973420032                             {manageable} {ergonomic}
     bool UseCompressedClassPointers               = true                           {product lp64_product} {ergonomic}
     bool UseCompressedOops                        = true                           {product lp64_product} {ergonomic}
     bool UseG1GC                                  = true                                      {product} {ergonomic}
     bool UseLargePagesIndividualAllocation        = false                                  {pd product} {ergonomic}

Logging:
Log output configuration:
 #0: stdout all=warning uptime,level,tags
 #1: stderr all=off uptime,level,tags

Environment Variables:
JAVA_HOME=C:\Program Files\java\jdk-20.0.2\bin
CLASSPATH=C:\Program Files\MySQL\mysql-connector-j-8.1.0\mysql-connector-j-8.1.0.jar;.;
PATH=C:\Program Files\Common Files\Oracle\Java\javapath;C:\Python312\Scripts\;C:\Python312\;C:\WINDOWS\system32;C:\WINDOWS;C:\WINDOWS\System32\Wbem;C:\WINDOWS\System32\WindowsPowerShell\v1.0\;C:\WINDOWS\System32\OpenSSH\;C:\MinGW\bin;C:\Program Files\MySQL\MySQL Server 8.0\bin;C:\ProgramData\chocolatey\bin;D:\college\coding\my sql\jbdc;C:\Program Files\MySQL\mysql-connector-j-8.1.0\mysql-connector-j-8.1.0.jar;C:\Program Files\java\jdk-20.0.2\bin;C:\Program Files\java\jdk-17\bin;C:\Program Files\kotlinc\bin;C:\Program Files\java\jdk-21\bin;C:\Program Files\Apache Software Foundation\Tomcat 11.0_Tomcat11New\bin;C:\Program Files\Apache Software Foundation\Tomcat 9.0\bin;C:\Program Files\Git\cmd;C:\Program Files\MySQL\MySQL Shell 8.0\bin\;C:\Users\nafis\AppData\Local\Microsoft\WindowsApps;C:\Users\nafis\AppData\Local\Programs\Microsoft VS Code\bin;C:\MinGW\bin;C:\Users\nafis\Downloads\flutter_windows_3.10.1-stable\flutter\bin;C:\Program Files\java\jdk-20.0.2\bin
USERNAME=nafis
OS=Windows_NT
PROCESSOR_IDENTIFIER=AMD64 Family 25 Model 80 Stepping 0, AuthenticAMD
TMP=C:\Users\nafis\AppData\Local\Temp
TEMP=C:\Users\nafis\AppData\Local\Temp


JNI global refs:
JNI global refs: 8, weak refs: 0

JNI global refs memory usage: 843, weak refs: 841

OOME stack traces (most recent first):
Classloader memory used:
Loader jdk.internal.loader.ClassLoaders$AppClassLoader                                 : 7986K
Loader bootstrap                                                                       : 1350K
Loader jdk.internal.reflect.DelegatingClassLoader                                      : 10297B


---------------  S Y S T E M  ---------------

OS:
 Windows 11 , 64 bit Build 22621 (10.0.22621.2506)
OS uptime: 0 days 1:21 hours
Hyper-V role detected

CPU: total 12 (initial active 12) (12 cores per cpu, 2 threads per core) family 25 model 80 stepping 0 microcode 0x0, cx8, cmov, fxsr, ht, mmx, 3dnowpref, sse, sse2, sse3, ssse3, sse4a, sse4.1, sse4.2, popcnt, lzcnt, tsc, tscinvbit, avx, avx2, aes, erms, clmul, bmi1, bmi2, adx, sha, fma, vzeroupper, clflush, clflushopt, hv

Memory: 4k page, system-wide physical 7520M (448M free)
TotalPageFile size 11616M (AvailPageFile size 35M)
current process WorkingSet (physical memory assigned to process): 288M, peak: 296M
current process commit charge ("private bytes"): 343M, peak: 425M

vm_info: OpenJDK 64-Bit Server VM (17.0.7+0-b2043.56-10550314) for windows-amd64 JRE (17.0.7+0-b2043.56-10550314), built on Jul 24 2023 18:27:45 by "androidbuild" with MS VC++ 16.10 / 16.11 (VS2019)

END.
