#
# There is insufficient memory for the Java Runtime Environment to continue.
# Native memory allocation (mmap) failed to map 123731968 bytes for G1 virtual space
# Possible reasons:
#   The system is out of physical RAM or swap space
#   The process is running with CompressedOops enabled, and the Java Heap may be blocking the growth of the native heap
# Possible solutions:
#   Reduce memory load on the system
#   Increase physical memory or swap space
#   Check if swap backing store is full
#   Decrease Java heap size (-Xmx/-Xms)
#   Decrease number of Java threads
#   Decrease Java thread stack sizes (-Xss)
#   Set larger code cache with -XX:ReservedCodeCacheSize=
#   JVM is running with Unscaled Compressed Oops mode in which the Java heap is
#     placed in the first 4GB address space. The Java Heap base address is the
#     maximum limit for the native heap growth. Please use -XX:HeapBaseMinAddress
#     to set the Java Heap base and to place the Java Heap above 4GB virtual address.
# This output file may be truncated or incomplete.
#
#  Out of Memory Error (os_windows.cpp:3771), pid=15512, tid=13276
#
# JRE version:  (17.0.7) (build )
# Java VM: OpenJDK 64-Bit Server VM (17.0.7+0-b2043.56-10550314, mixed mode, sharing, tiered, compressed oops, compressed class ptrs, g1 gc, windows-amd64)
# No core dump will be written. Minidumps are not enabled by default on client versions of Windows
#

---------------  S U M M A R Y ------------

Command Line: org.jetbrains.kotlin.cli.jvm.K2JVMCompiler @D:\college\coding\android\NafisCoachingCenter\app\build\20240108_1184942139329081253.compiler.options

Host: AMD Ryzen 5 5625U with Radeon Graphics         , 12 cores, 7G,  Windows 11 , 64 bit Build 22621 (10.0.22621.2506)
Time: Mon Jan  8 01:24:31 2024 India Standard Time elapsed time: 0.008921 seconds (0d 0h 0m 0s)

---------------  T H R E A D  ---------------

Current thread (0x0000013839f791e0):  JavaThread "Unknown thread" [_thread_in_vm, id=13276, stack(0x00000023e9100000,0x00000023e9200000)]

Stack: [0x00000023e9100000,0x00000023e9200000]
Native frames: (J=compiled Java code, j=interpreted, Vv=VM code, C=native code)
V  [jvm.dll+0x683bfa]
V  [jvm.dll+0x8430a4]
V  [jvm.dll+0x8449be]
V  [jvm.dll+0x845023]
V  [jvm.dll+0x24ad2f]
V  [jvm.dll+0x680ac9]
V  [jvm.dll+0x67519a]
V  [jvm.dll+0x30b3cb]
V  [jvm.dll+0x312876]
V  [jvm.dll+0x36221e]
V  [jvm.dll+0x36244f]
V  [jvm.dll+0x2e14a8]
V  [jvm.dll+0x2e2414]
V  [jvm.dll+0x814391]
V  [jvm.dll+0x36ffe1]
V  [jvm.dll+0x7f396c]
V  [jvm.dll+0x3f305f]
V  [jvm.dll+0x3f4b91]
C  [jli.dll+0x528f]
C  [ucrtbase.dll+0x29363]
C  [KERNEL32.DLL+0x1257d]
C  [ntdll.dll+0x5aa58]


---------------  P R O C E S S  ---------------

Threads class SMR info:
_java_thread_list=0x00007ffad5acd098, length=0, elements={
}

Java Threads: ( => current thread )

Other Threads:
  0x0000013839fd2310 GCTaskThread "GC Thread#0" [stack: 0x00000023e9200000,0x00000023e9300000] [id=14232]
  0x0000013839fe1d90 ConcurrentGCThread "G1 Main Marker" [stack: 0x00000023e9300000,0x00000023e9400000] [id=18372]
  0x0000013839fe2f40 ConcurrentGCThread "G1 Conc#0" [stack: 0x00000023e9400000,0x00000023e9500000] [id=9144]

[error occurred during error reporting (printing all threads), id 0xc0000005, EXCEPTION_ACCESS_VIOLATION (0xc0000005) at pc=0x00007ffad5282087]

VM state: not at safepoint (not fully initialized)

VM Mutex/Monitor currently owned by a thread:  ([mutex/lock_event])
[0x0000013839f746e0] Heap_lock - owner thread: 0x0000013839f791e0

Heap address: 0x000000008a600000, size: 1882 MB, Compressed Oops mode: 32-bit

CDS archive(s) mapped at: [0x0000000000000000-0x0000000000000000-0x0000000000000000), size 0, SharedBaseAddress: 0x0000000800000000, ArchiveRelocationMode: 0.
Narrow klass base: 0x0000000000000000, Narrow klass shift: 0, Narrow klass range: 0x0

GC Precious Log:
<Empty>

Heap:
 garbage-first heap   total 0K, used 0K [0x000000008a600000, 0x0000000100000000)
  region size 1024K, 0 young (0K), 0 survivors (0K)
 Metaspace       used 0K, committed 0K, reserved 0K
  class space    used 0K, committed 0K, reserved 0K

Heap Regions: E=young(eden), S=young(survivor), O=old, HS=humongous(starts), HC=humongous(continues), CS=collection set, F=free, OA=open archive, CA=closed archive, TAMS=top-at-mark-start (previous, next)

Card table byte_map: [0x000001384cd50000,0x000001384d100000] _byte_map_base: 0x000001384c8fd000

Marking Bits (Prev, Next): (CMBitMap*) 0x0000013839fd2920, (CMBitMap*) 0x0000013839fd2960
 Prev Bits: [0x000001384d4b0000, 0x000001384f218000)
 Next Bits: [0x000001384f220000, 0x0000013850f88000)

GC Heap History (0 events):
No events

Dll operation events (1 events):
Event: 0.006 Loaded shared library C:\Program Files\Android\Android Studio1\jbr\bin\java.dll

Deoptimization events (0 events):
No events

Classes unloaded (0 events):
No events

Classes redefined (0 events):
No events

Internal exceptions (0 events):
No events

VM Operations (0 events):
No events

Events (0 events):
No events


Dynamic libraries:
0x00007ff72c550000 - 0x00007ff72c55a000 	C:\Program Files\Android\Android Studio1\jbr\bin\java.exe
0x00007ffb23750000 - 0x00007ffb23967000 	C:\WINDOWS\SYSTEM32\ntdll.dll
0x00007ffb214a0000 - 0x00007ffb21564000 	C:\WINDOWS\System32\KERNEL32.DLL
0x00007ffb20d00000 - 0x00007ffb210a6000 	C:\WINDOWS\System32\KERNELBASE.dll
0x00007ffb20be0000 - 0x00007ffb20cf1000 	C:\WINDOWS\System32\ucrtbase.dll
0x00007ffafb3b0000 - 0x00007ffafb3c7000 	C:\Program Files\Android\Android Studio1\jbr\bin\jli.dll
0x00007ffb21fe0000 - 0x00007ffb2218e000 	C:\WINDOWS\System32\USER32.dll
0x00007ffb19510000 - 0x00007ffb1952b000 	C:\Program Files\Android\Android Studio1\jbr\bin\VCRUNTIME140.dll
0x00007ffb21470000 - 0x00007ffb21496000 	C:\WINDOWS\System32\win32u.dll
0x00007ffb21f50000 - 0x00007ffb21f79000 	C:\WINDOWS\System32\GDI32.dll
0x00007ffb099c0000 - 0x00007ffb09c53000 	C:\WINDOWS\WinSxS\amd64_microsoft.windows.common-controls_6595b64144ccf1df_6.0.22621.2506_none_270c5ae97388e100\COMCTL32.dll
0x00007ffb20ac0000 - 0x00007ffb20bd8000 	C:\WINDOWS\System32\gdi32full.dll
0x00007ffb234c0000 - 0x00007ffb23567000 	C:\WINDOWS\System32\msvcrt.dll
0x00007ffb213d0000 - 0x00007ffb2146a000 	C:\WINDOWS\System32\msvcp_win.dll
0x00007ffb21f10000 - 0x00007ffb21f41000 	C:\WINDOWS\System32\IMM32.DLL
0x00007ffb19500000 - 0x00007ffb1950c000 	C:\Program Files\Android\Android Studio1\jbr\bin\vcruntime140_1.dll
0x00007ffb19470000 - 0x00007ffb194fd000 	C:\Program Files\Android\Android Studio1\jbr\bin\msvcp140.dll
0x00007ffad4f90000 - 0x00007ffad5c10000 	C:\Program Files\Android\Android Studio1\jbr\bin\server\jvm.dll
0x00007ffb23200000 - 0x00007ffb232b1000 	C:\WINDOWS\System32\ADVAPI32.dll
0x00007ffb215c0000 - 0x00007ffb21665000 	C:\WINDOWS\System32\sechost.dll
0x00007ffb22240000 - 0x00007ffb22357000 	C:\WINDOWS\System32\RPCRT4.dll
0x00007ffb19aa0000 - 0x00007ffb19aaa000 	C:\WINDOWS\SYSTEM32\VERSION.dll
0x00007ffb1a4d0000 - 0x00007ffb1a504000 	C:\WINDOWS\SYSTEM32\WINMM.dll
0x00007ffaf5620000 - 0x00007ffaf5629000 	C:\WINDOWS\SYSTEM32\WSOCK32.dll
0x00007ffb21af0000 - 0x00007ffb21b61000 	C:\WINDOWS\System32\WS2_32.dll
0x00007ffb1fa80000 - 0x00007ffb1fa98000 	C:\WINDOWS\SYSTEM32\kernel.appcore.dll
0x00007ffb1a750000 - 0x00007ffb1a75a000 	C:\Program Files\Android\Android Studio1\jbr\bin\jimage.dll
0x00007ffb1df10000 - 0x00007ffb1e143000 	C:\WINDOWS\SYSTEM32\DBGHELP.DLL
0x00007ffb21b80000 - 0x00007ffb21f09000 	C:\WINDOWS\System32\combase.dll
0x00007ffb233e0000 - 0x00007ffb234b7000 	C:\WINDOWS\System32\OLEAUT32.dll
0x00007ffaf7ff0000 - 0x00007ffaf8022000 	C:\WINDOWS\SYSTEM32\dbgcore.DLL
0x00007ffb21350000 - 0x00007ffb213ca000 	C:\WINDOWS\System32\bcryptPrimitives.dll
0x00007ffb18680000 - 0x00007ffb186a5000 	C:\Program Files\Android\Android Studio1\jbr\bin\java.dll

dbghelp: loaded successfully - version: 4.0.5 - missing functions: none
symbol engine: initialized successfully - sym options: 0x614 - pdb path: .;C:\Program Files\Android\Android Studio1\jbr\bin;C:\WINDOWS\SYSTEM32;C:\WINDOWS\WinSxS\amd64_microsoft.windows.common-controls_6595b64144ccf1df_6.0.22621.2506_none_270c5ae97388e100;C:\Program Files\Android\Android Studio1\jbr\bin\server

VM Arguments:
java_command: org.jetbrains.kotlin.cli.jvm.K2JVMCompiler @D:\college\coding\android\NafisCoachingCenter\app\build\20240108_1184942139329081253.compiler.options
java_class_path (initial): C:\Users\nafis\.gradle\caches\modules-2\files-2.1\org.jetbrains.kotlin\kotlin-compiler-embeddable\1.9.10\57ca1b0823ae3ecb451a97e1f8e6de0b19ea5294\kotlin-compiler-embeddable-1.9.10.jar;C:\Users\nafis\.gradle\caches\modules-2\files-2.1\org.jetbrains.kotlin\kotlin-stdlib\1.9.10\72812e8a368917ab5c0a5081b56915ffdfec93b7\kotlin-stdlib-1.9.10.jar;C:\Users\nafis\.gradle\caches\modules-2\files-2.1\org.jetbrains.kotlin\kotlin-script-runtime\1.9.10\398513a8534701579cccaf5953ea914416b4696c\kotlin-script-runtime-1.9.10.jar;C:\Users\nafis\.gradle\caches\modules-2\files-2.1\org.jetbrains.kotlin\kotlin-reflect\1.6.10\1cbe9c92c12a94eea200d23c2bbaedaf3daf5132\kotlin-reflect-1.6.10.jar;C:\Users\nafis\.gradle\caches\modules-2\files-2.1\org.jetbrains.kotlin\kotlin-daemon-embeddable\1.9.10\bda2f7daa6b89d2ded2d9e1e0b0cadaf9446ade1\kotlin-daemon-embeddable-1.9.10.jar;C:\Users\nafis\.gradle\caches\modules-2\files-2.1\org.jetbrains.intellij.deps\trove4j\1.0.20200330\3afb14d5f9ceb459d724e907a21145e8ff394f02\trove4j-1.0.20200330.jar;C:\Users\nafis\.gradle\caches\modules-2\files-2.1\org.jetbrains.kotlin\kotlin-stdlib-common\1.9.10\dafaf2c27f27c09220cee312df10917d9a5d97ce\kotlin-stdlib-common-1.9.10.jar;C:\Users\nafis\.gradle\caches\modules-2\files-2.1\org.jetbrains\annotations\13.0\919f0dfe192fb4e063e7dacadee7f8bb9a2672a9\annotations-13.0.jar
Launcher Type: SUN_STANDARD

[Global flags]
     intx CICompilerCount                          = 4                                         {product} {ergonomic}
     uint ConcGCThreads                            = 3                                         {product} {ergonomic}
     uint G1ConcRefinementThreads                  = 10                                        {product} {ergonomic}
   size_t G1HeapRegionSize                         = 1048576                                   {product} {ergonomic}
    uintx GCDrainStackTargetSize                   = 64                                        {product} {ergonomic}
   size_t InitialHeapSize                          = 123731968                                 {product} {ergonomic}
   size_t MarkStackSize                            = 4194304                                   {product} {ergonomic}
   size_t MaxHeapSize                              = 1973420032                                {product} {ergonomic}
   size_t MinHeapDeltaBytes                        = 1048576                                   {product} {ergonomic}
   size_t MinHeapSize                              = 8388608                                   {product} {ergonomic}
    uintx NonNMethodCodeHeapSize                   = 5839372                                {pd product} {ergonomic}
    uintx NonProfiledCodeHeapSize                  = 122909434                              {pd product} {ergonomic}
    uintx ProfiledCodeHeapSize                     = 122909434                              {pd product} {ergonomic}
    uintx ReservedCodeCacheSize                    = 251658240                              {pd product} {ergonomic}
     bool SegmentedCodeCache                       = true                                      {product} {ergonomic}
   size_t SoftMaxHeapSize                          = 1973420032                             {manageable} {ergonomic}
     bool UseCompressedClassPointers               = true                           {product lp64_product} {ergonomic}
     bool UseCompressedOops                        = true                           {product lp64_product} {ergonomic}
     bool UseG1GC                                  = true                                      {product} {ergonomic}
     bool UseLargePagesIndividualAllocation        = false                                  {pd product} {ergonomic}

Logging:
Log output configuration:
 #0: stdout all=warning uptime,level,tags
 #1: stderr all=off uptime,level,tags

Environment Variables:
JAVA_HOME=C:\Program Files\java\jdk-20.0.2\bin
CLASSPATH=C:\Program Files\MySQL\mysql-connector-j-8.1.0\mysql-connector-j-8.1.0.jar;.;
PATH=C:\Program Files\Common Files\Oracle\Java\javapath;C:\WINDOWS\system32;C:\WINDOWS;C:\WINDOWS\System32\Wbem;C:\WINDOWS\System32\WindowsPowerShell\v1.0\;C:\WINDOWS\System32\OpenSSH\;C:\MinGW\bin;C:\Program Files\MySQL\MySQL Server 8.0\bin;C:\ProgramData\chocolatey\bin;D:\college\coding\my sql\jbdc;C:\Program Files\MySQL\mysql-connector-j-8.1.0\mysql-connector-j-8.1.0.jar;C:\Program Files\java\jdk-20.0.2\bin;C:\Program Files\java\jdk-17\bin;C:\Program Files\kotlinc\bin;C:\Program Files\java\jdk-21\bin;C:\Program Files\Apache Software Foundation\Tomcat 11.0_Tomcat11New\bin;C:\Program Files\Apache Software Foundation\Tomcat 9.0\bin;C:\Program Files\Git\cmd;C:\Program Files\MySQL\MySQL Shell 8.0\bin\;C:\Users\nafis\AppData\Local\Microsoft\WindowsApps;C:\Users\nafis\AppData\Local\Programs\Microsoft VS Code\bin;C:\MinGW\bin;C:\Users\nafis\Downloads\flutter_windows_3.10.1-stable\flutter\bin;C:\Program Files\java\jdk-20.0.2\bin
USERNAME=nafis
OS=Windows_NT
PROCESSOR_IDENTIFIER=AMD64 Family 25 Model 80 Stepping 0, AuthenticAMD
TMP=C:\Users\nafis\AppData\Local\Temp
TEMP=C:\Users\nafis\AppData\Local\Temp


JNI global refs:
JNI global refs: 0, weak refs: 0

JNI global refs memory usage: 0, weak refs: 0

OOME stack traces (most recent first):
Classloader memory used:


---------------  S Y S T E M  ---------------

OS:
 Windows 11 , 64 bit Build 22621 (10.0.22621.2506)
OS uptime: 0 days 0:48 hours
Hyper-V role detected

CPU: total 12 (initial active 12) (12 cores per cpu, 2 threads per core) family 25 model 80 stepping 0 microcode 0x0, cx8, cmov, fxsr, ht, mmx, 3dnowpref, sse, sse2, sse3, ssse3, sse4a, sse4.1, sse4.2, popcnt, lzcnt, tsc, tscinvbit, avx, avx2, aes, erms, clmul, bmi1, bmi2, adx, sha, fma, vzeroupper, clflush, clflushopt, hv

Memory: 4k page, system-wide physical 7520M (455M free)
TotalPageFile size 11616M (AvailPageFile size 34M)
current process WorkingSet (physical memory assigned to process): 11M, peak: 11M
current process commit charge ("private bytes"): 64M, peak: 182M

vm_info: OpenJDK 64-Bit Server VM (17.0.7+0-b2043.56-10550314) for windows-amd64 JRE (17.0.7+0-b2043.56-10550314), built on Jul 24 2023 18:27:45 by "androidbuild" with MS VC++ 16.10 / 16.11 (VS2019)

END.
